[debug] [2018-06-30T09:40:46.071Z] ----------------------------------------------------------------------
[debug] [2018-06-30T09:40:46.072Z] Command:       /Users/jerryorta-dev/.nvm/versions/node/v8.10.0/bin/node /Users/jerryorta-dev/.nvm/versions/node/v8.10.0/bin/firebase deploy --only hosting
[debug] [2018-06-30T09:40:46.073Z] CLI Version:   3.19.1
[debug] [2018-06-30T09:40:46.073Z] Platform:      darwin
[debug] [2018-06-30T09:40:46.073Z] Node Version:  v8.10.0
[debug] [2018-06-30T09:40:46.073Z] Time:          Sat Jun 30 2018 04:40:46 GMT-0500 (CDT)
[debug] [2018-06-30T09:40:46.073Z] ----------------------------------------------------------------------
[debug] 
[debug] [2018-06-30T09:40:46.083Z] > command requires scopes: ["email","openid","https://www.googleapis.com/auth/cloudplatformprojects.readonly","https://www.googleapis.com/auth/firebase","https://www.googleapis.com/auth/cloud-platform"]
[debug] [2018-06-30T09:40:46.083Z] > authorizing via signed-in user
[debug] [2018-06-30T09:40:46.085Z] > refreshing access token with scopes: ["email","https://www.googleapis.com/auth/cloud-platform","https://www.googleapis.com/auth/cloudplatformprojects.readonly","https://www.googleapis.com/auth/firebase","openid"]
[debug] [2018-06-30T09:40:46.085Z] >>> HTTP REQUEST POST https://www.googleapis.com/oauth2/v3/token  
 { refresh_token: '1/TZOau3egcqpHVJUDtUDi_R74DZl6_oKKZgDBfWqNIyo',
  client_id: '563584335869-fgrhgmd47bqnekij5i8b5pr03ho849e6.apps.googleusercontent.com',
  client_secret: 'j9iVZfS8kkCEFUPaAeJV0sAi',
  grant_type: 'refresh_token',
  scope: 'email https://www.googleapis.com/auth/cloud-platform https://www.googleapis.com/auth/cloudplatformprojects.readonly https://www.googleapis.com/auth/firebase openid' } 
 Sat Jun 30 2018 04:40:46 GMT-0500 (CDT)
[debug] [2018-06-30T09:40:46.244Z] <<< HTTP RESPONSE 200
[debug] [2018-06-30T09:40:46.251Z] >>> HTTP REQUEST GET https://admin.firebase.com/v1/projects/ix-material-docs  
  
 Sat Jun 30 2018 04:40:46 GMT-0500 (CDT)
[debug] [2018-06-30T09:40:46.692Z] <<< HTTP RESPONSE 200
[debug] [2018-06-30T09:40:46.693Z] >>> HTTP REQUEST GET https://admin.firebase.com/v1/database/ix-material-docs/tokens  
  
 Sat Jun 30 2018 04:40:46 GMT-0500 (CDT)
[debug] [2018-06-30T09:40:47.810Z] <<< HTTP RESPONSE 200
